This file contains any messages produced by compilers while
running configure, to aid debugging if configure makes a mistake.

It was created by giflib configure 4.1.6, which was
generated by GNU Autoconf 2.61.  Invocation command line was

  $ ./configure 

## --------- ##
## Platform. ##
## --------- ##

hostname = hagrid
uname -m = i686
uname -r = 2.6.22.5-31-default
uname -s = Linux
uname -v = #1 SMP 2007/09/21 22:29:00 UTC

/usr/bin/uname -p = athlon
/bin/uname -X     = unknown

/bin/arch              = i686
/usr/bin/arch -k       = unknown
/usr/convex/getsysinfo = unknown
/usr/bin/hostinfo      = unknown
/bin/machine           = unknown
/usr/bin/oslevel       = unknown
/bin/universe          = unknown

PATH: /opt/graphics/32/bin
PATH: /opt/graphics/bin
PATH: /opt/tools/bin
PATH: /opt/local/bin
PATH: /home/swrhgnrj/bin
PATH: /usr/local/bin
PATH: /usr/bin
PATH: /bin
PATH: /usr/bin/X11
PATH: /usr/X11R6/bin
PATH: /usr/games
PATH: /opt/kde3/bin
PATH: /usr/lib/jvm/jre/bin
PATH: /usr/lib/mit/bin
PATH: /usr/lib/mit/sbin
PATH: .
PATH: /opt/sunray/bin
PATH: /usr/bin/nsr
PATH: /usr/sbin/nsr


## ----------- ##
## Core tests. ##
## ----------- ##

configure:2002: checking for a BSD-compatible install
configure:2058: result: /usr/bin/install -c
configure:2069: checking whether build environment is sane
configure:2112: result: yes
configure:2140: checking for a thread-safe mkdir -p
configure:2179: result: /bin/mkdir -p
configure:2192: checking for gawk
configure:2208: found /usr/bin/gawk
configure:2219: result: gawk
configure:2230: checking whether make sets $(MAKE)
configure:2251: result: yes
configure:2520: checking build system type
configure:2538: result: i686-pc-linux-gnu
configure:2560: checking host system type
configure:2575: result: i686-pc-linux-gnu
configure:2609: checking for style of include used by make
configure:2637: result: GNU
configure:2707: checking for gcc
configure:2723: found /usr/bin/gcc
configure:2734: result: gcc
configure:2972: checking for C compiler version
configure:2979: gcc --version >&5
gcc (GCC) 4.2.1 (SUSE Linux)
Copyright (C) 2007 Free Software Foundation, Inc.
This is free software; see the source for copying conditions.  There is NO
warranty; not even for MERCHANTABILITY or FITNESS FOR A PARTICULAR PURPOSE.

configure:2982: $? = 0
configure:2989: gcc -v >&5
Using built-in specs.
Target: i586-suse-linux
Configured with: ../configure --enable-threads=posix --prefix=/usr --with-local-prefix=/usr/local --infodir=/usr/share/info --mandir=/usr/share/man --libdir=/usr/lib --libexecdir=/usr/lib --enable-languages=c,c++,objc,fortran,obj-c++,java,ada --enable-checking=release --with-gxx-include-dir=/usr/include/c++/4.2.1 --enable-ssp --disable-libssp --disable-libgcj --with-slibdir=/lib --with-system-zlib --enable-shared --enable-__cxa_atexit --enable-libstdcxx-allocator=new --disable-libstdcxx-pch --program-suffix=-4.2 --enable-version-specific-runtime-libs --without-system-libunwind --with-cpu=generic --host=i586-suse-linux
Thread model: posix
gcc version 4.2.1 (SUSE Linux)
configure:2992: $? = 0
configure:2999: gcc -V >&5
gcc: '-V' option must have argument
configure:3002: $? = 1
configure:3025: checking for C compiler default output file name
configure:3052: gcc    conftest.c  >&5
configure:3055: $? = 0
configure:3093: result: a.out
configure:3110: checking whether the C compiler works
configure:3120: ./a.out
configure:3123: $? = 0
configure:3140: result: yes
configure:3147: checking whether we are cross compiling
configure:3149: result: no
configure:3152: checking for suffix of executables
configure:3159: gcc -o conftest    conftest.c  >&5
configure:3162: $? = 0
configure:3186: result: 
configure:3192: checking for suffix of object files
configure:3218: gcc -c   conftest.c >&5
configure:3221: $? = 0
configure:3244: result: o
configure:3248: checking whether we are using the GNU C compiler
configure:3277: gcc -c   conftest.c >&5
configure:3283: $? = 0
configure:3300: result: yes
configure:3305: checking whether gcc accepts -g
configure:3335: gcc -c -g  conftest.c >&5
configure:3341: $? = 0
configure:3440: result: yes
configure:3457: checking for gcc option to accept ISO C89
configure:3531: gcc  -c -g -O2  conftest.c >&5
configure:3537: $? = 0
configure:3560: result: none needed
configure:3580: checking dependency style of gcc
configure:3671: result: gcc3
configure:3686: checking for a sed that does not truncate output
configure:3742: result: /usr/bin/sed
configure:3745: checking for grep that handles long lines and -e
configure:3819: result: /usr/bin/grep
configure:3824: checking for egrep
configure:3902: result: /usr/bin/grep -E
configure:3918: checking for ld used by gcc
configure:3985: result: /usr/i586-suse-linux/bin/ld
configure:3994: checking if the linker (/usr/i586-suse-linux/bin/ld) is GNU ld
configure:4009: result: yes
configure:4014: checking for /usr/i586-suse-linux/bin/ld option to reload object files
configure:4021: result: -r
configure:4039: checking for BSD-compatible nm
configure:4088: result: /usr/bin/nm -B
configure:4092: checking whether ln -s works
configure:4096: result: yes
configure:4103: checking how to recognise dependent libraries
configure:4279: result: pass_all
configure:4513: checking how to run the C preprocessor
configure:4553: gcc -E  conftest.c
configure:4559: $? = 0
configure:4590: gcc -E  conftest.c
conftest.c:10:28: error: ac_nonexistent.h: No such file or directory
configure:4596: $? = 1
configure: failed program was:
| /* confdefs.h.  */
| #define PACKAGE_NAME "giflib"
| #define PACKAGE_TARNAME "giflib"
| #define PACKAGE_VERSION "4.1.6"
| #define PACKAGE_STRING "giflib 4.1.6"
| #define PACKAGE_BUGREPORT "abadger1999@sourceforge.net"
| #define PACKAGE "giflib"
| #define VERSION "4.1.6"
| /* end confdefs.h.  */
| #include <ac_nonexistent.h>
configure:4629: result: gcc -E
configure:4658: gcc -E  conftest.c
configure:4664: $? = 0
configure:4695: gcc -E  conftest.c
conftest.c:10:28: error: ac_nonexistent.h: No such file or directory
configure:4701: $? = 1
configure: failed program was:
| /* confdefs.h.  */
| #define PACKAGE_NAME "giflib"
| #define PACKAGE_TARNAME "giflib"
| #define PACKAGE_VERSION "4.1.6"
| #define PACKAGE_STRING "giflib 4.1.6"
| #define PACKAGE_BUGREPORT "abadger1999@sourceforge.net"
| #define PACKAGE "giflib"
| #define VERSION "4.1.6"
| /* end confdefs.h.  */
| #include <ac_nonexistent.h>
configure:4739: checking for ANSI C header files
configure:4769: gcc -c -g -O2  conftest.c >&5
configure:4775: $? = 0
configure:4874: gcc -o conftest -g -O2   conftest.c  >&5
configure:4877: $? = 0
configure:4883: ./conftest
configure:4886: $? = 0
configure:4903: result: yes
configure:4927: checking for sys/types.h
configure:4948: gcc -c -g -O2  conftest.c >&5
configure:4954: $? = 0
configure:4970: result: yes
configure:4927: checking for sys/stat.h
configure:4948: gcc -c -g -O2  conftest.c >&5
configure:4954: $? = 0
configure:4970: result: yes
configure:4927: checking for stdlib.h
configure:4948: gcc -c -g -O2  conftest.c >&5
configure:4954: $? = 0
configure:4970: result: yes
configure:4927: checking for string.h
configure:4948: gcc -c -g -O2  conftest.c >&5
configure:4954: $? = 0
configure:4970: result: yes
configure:4927: checking for memory.h
configure:4948: gcc -c -g -O2  conftest.c >&5
configure:4954: $? = 0
configure:4970: result: yes
configure:4927: checking for strings.h
configure:4948: gcc -c -g -O2  conftest.c >&5
configure:4954: $? = 0
configure:4970: result: yes
configure:4927: checking for inttypes.h
configure:4948: gcc -c -g -O2  conftest.c >&5
configure:4954: $? = 0
configure:4970: result: yes
configure:4927: checking for stdint.h
configure:4948: gcc -c -g -O2  conftest.c >&5
configure:4954: $? = 0
configure:4970: result: yes
configure:4927: checking for unistd.h
configure:4948: gcc -c -g -O2  conftest.c >&5
configure:4954: $? = 0
configure:4970: result: yes
configure:4997: checking dlfcn.h usability
configure:5014: gcc -c -g -O2  conftest.c >&5
configure:5020: $? = 0
configure:5034: result: yes
configure:5038: checking dlfcn.h presence
configure:5053: gcc -E  conftest.c
configure:5059: $? = 0
configure:5073: result: yes
configure:5106: checking for dlfcn.h
configure:5114: result: yes
configure:5185: checking for g++
configure:5201: found /usr/bin/g++
configure:5212: result: g++
configure:5243: checking for C++ compiler version
configure:5250: g++ --version >&5
g++ (GCC) 4.2.1 (SUSE Linux)
Copyright (C) 2007 Free Software Foundation, Inc.
This is free software; see the source for copying conditions.  There is NO
warranty; not even for MERCHANTABILITY or FITNESS FOR A PARTICULAR PURPOSE.

configure:5253: $? = 0
configure:5260: g++ -v >&5
Using built-in specs.
Target: i586-suse-linux
Configured with: ../configure --enable-threads=posix --prefix=/usr --with-local-prefix=/usr/local --infodir=/usr/share/info --mandir=/usr/share/man --libdir=/usr/lib --libexecdir=/usr/lib --enable-languages=c,c++,objc,fortran,obj-c++,java,ada --enable-checking=release --with-gxx-include-dir=/usr/include/c++/4.2.1 --enable-ssp --disable-libssp --disable-libgcj --with-slibdir=/lib --with-system-zlib --enable-shared --enable-__cxa_atexit --enable-libstdcxx-allocator=new --disable-libstdcxx-pch --program-suffix=-4.2 --enable-version-specific-runtime-libs --without-system-libunwind --with-cpu=generic --host=i586-suse-linux
Thread model: posix
gcc version 4.2.1 (SUSE Linux)
configure:5263: $? = 0
configure:5270: g++ -V >&5
g++: '-V' option must have argument
configure:5273: $? = 1
configure:5276: checking whether we are using the GNU C++ compiler
configure:5305: g++ -c   conftest.cpp >&5
configure:5311: $? = 0
configure:5328: result: yes
configure:5333: checking whether g++ accepts -g
configure:5363: g++ -c -g  conftest.cpp >&5
configure:5369: $? = 0
configure:5468: result: yes
configure:5493: checking dependency style of g++
configure:5584: result: gcc3
configure:5609: checking how to run the C++ preprocessor
configure:5645: g++ -E  conftest.cpp
configure:5651: $? = 0
configure:5682: g++ -E  conftest.cpp
conftest.cpp:21:28: error: ac_nonexistent.h: No such file or directory
configure:5688: $? = 1
configure: failed program was:
| /* confdefs.h.  */
| #define PACKAGE_NAME "giflib"
| #define PACKAGE_TARNAME "giflib"
| #define PACKAGE_VERSION "4.1.6"
| #define PACKAGE_STRING "giflib 4.1.6"
| #define PACKAGE_BUGREPORT "abadger1999@sourceforge.net"
| #define PACKAGE "giflib"
| #define VERSION "4.1.6"
| #define STDC_HEADERS 1
| #define HAVE_SYS_TYPES_H 1
| #define HAVE_SYS_STAT_H 1
| #define HAVE_STDLIB_H 1
| #define HAVE_STRING_H 1
| #define HAVE_MEMORY_H 1
| #define HAVE_STRINGS_H 1
| #define HAVE_INTTYPES_H 1
| #define HAVE_STDINT_H 1
| #define HAVE_UNISTD_H 1
| #define HAVE_DLFCN_H 1
| /* end confdefs.h.  */
| #include <ac_nonexistent.h>
configure:5721: result: g++ -E
configure:5750: g++ -E  conftest.cpp
configure:5756: $? = 0
configure:5787: g++ -E  conftest.cpp
conftest.cpp:21:28: error: ac_nonexistent.h: No such file or directory
configure:5793: $? = 1
configure: failed program was:
| /* confdefs.h.  */
| #define PACKAGE_NAME "giflib"
| #define PACKAGE_TARNAME "giflib"
| #define PACKAGE_VERSION "4.1.6"
| #define PACKAGE_STRING "giflib 4.1.6"
| #define PACKAGE_BUGREPORT "abadger1999@sourceforge.net"
| #define PACKAGE "giflib"
| #define VERSION "4.1.6"
| #define STDC_HEADERS 1
| #define HAVE_SYS_TYPES_H 1
| #define HAVE_SYS_STAT_H 1
| #define HAVE_STDLIB_H 1
| #define HAVE_STRING_H 1
| #define HAVE_MEMORY_H 1
| #define HAVE_STRINGS_H 1
| #define HAVE_INTTYPES_H 1
| #define HAVE_STDINT_H 1
| #define HAVE_UNISTD_H 1
| #define HAVE_DLFCN_H 1
| /* end confdefs.h.  */
| #include <ac_nonexistent.h>
configure:5886: checking for g77
configure:5916: result: no
configure:5886: checking for xlf
configure:5916: result: no
configure:5886: checking for f77
configure:5916: result: no
configure:5886: checking for frt
configure:5916: result: no
configure:5886: checking for pgf77
configure:5916: result: no
configure:5886: checking for cf77
configure:5916: result: no
configure:5886: checking for fort77
configure:5916: result: no
configure:5886: checking for fl32
configure:5916: result: no
configure:5886: checking for af77
configure:5916: result: no
configure:5886: checking for xlf90
configure:5916: result: no
configure:5886: checking for f90
configure:5916: result: no
configure:5886: checking for pgf90
configure:5916: result: no
configure:5886: checking for pghpf
configure:5916: result: no
configure:5886: checking for epcf90
configure:5916: result: no
configure:5886: checking for gfortran
configure:5916: result: no
configure:5886: checking for g95
configure:5916: result: no
configure:5886: checking for xlf95
configure:5916: result: no
configure:5886: checking for f95
configure:5916: result: no
configure:5886: checking for fort
configure:5916: result: no
configure:5886: checking for ifort
configure:5916: result: no
configure:5886: checking for ifc
configure:5916: result: no
configure:5886: checking for efc
configure:5916: result: no
configure:5886: checking for pgf95
configure:5916: result: no
configure:5886: checking for lf95
configure:5916: result: no
configure:5886: checking for ftn
configure:5916: result: no
configure:5943: checking for Fortran 77 compiler version
configure:5950:  --version >&5
./configure: line 5951: --version: command not found
configure:5953: $? = 127
configure:5960:  -v >&5
./configure: line 5961: -v: command not found
configure:5963: $? = 127
configure:5970:  -V >&5
./configure: line 5971: -V: command not found
configure:5973: $? = 127
configure:5981: checking whether we are using the GNU Fortran 77 compiler
configure:6000:  -c  conftest.F >&5
./configure: line 6001: -c: command not found
configure:6006: $? = 127
configure: failed program was:
|       program main
| #ifndef __GNUC__
|        choke me
| #endif
| 
|       end
configure:6023: result: no
configure:6029: checking whether  accepts -g
configure:6046:  -c -g conftest.f >&5
./configure: line 6047: -c: command not found
configure:6052: $? = 127
configure: failed program was:
|       program main
| 
|       end
configure:6068: result: no
configure:6098: checking the maximum length of command line arguments
configure:6207: result: 32768
configure:6218: checking command to parse /usr/bin/nm -B output from gcc object
configure:6323: gcc -c -g -O2  conftest.c >&5
configure:6326: $? = 0
configure:6330: /usr/bin/nm -B conftest.o \| sed -n -e 's/^.*[ 	]\([ABCDGIRSTW][ABCDGIRSTW]*\)[ 	][ 	]*\([_A-Za-z][_A-Za-z0-9]*\)$/\1 \2 \2/p' \> conftest.nm
configure:6333: $? = 0
configure:6385: gcc -o conftest -g -O2   conftest.c conftstm.o >&5
configure:6388: $? = 0
configure:6426: result: ok
configure:6430: checking for objdir
configure:6445: result: .libs
configure:6537: checking for ar
configure:6553: found /usr/bin/ar
configure:6564: result: ar
configure:6633: checking for ranlib
configure:6649: found /usr/bin/ranlib
configure:6660: result: ranlib
configure:6729: checking for strip
configure:6745: found /usr/bin/strip
configure:6756: result: strip
configure:7042: checking if gcc supports -fno-rtti -fno-exceptions
configure:7060: gcc -c -g -O2  -fno-rtti -fno-exceptions conftest.c >&5
cc1: warning: command line option "-fno-rtti" is valid for C++/ObjC++ but not for C
configure:7064: $? = 0
configure:7077: result: no
configure:7092: checking for gcc option to produce PIC
configure:7302: result: -fPIC
configure:7310: checking if gcc PIC flag -fPIC works
configure:7328: gcc -c -g -O2  -fPIC -DPIC conftest.c >&5
configure:7332: $? = 0
configure:7345: result: yes
configure:7373: checking if gcc static flag -static works
configure:7401: result: yes
configure:7411: checking if gcc supports -c -o file.o
configure:7432: gcc -c -g -O2  -o out/conftest2.o conftest.c >&5
configure:7436: $? = 0
configure:7458: result: yes
configure:7484: checking whether the gcc linker (/usr/i586-suse-linux/bin/ld) supports shared libraries
configure:8438: result: yes
configure:8459: checking whether -lc should be explicitly linked in
configure:8464: gcc -c -g -O2  conftest.c >&5
configure:8467: $? = 0
configure:8482: gcc -shared conftest.o  -v -Wl,-soname -Wl,conftest -o conftest 2\>\&1 \| grep  -lc  \>/dev/null 2\>\&1
configure:8485: $? = 0
configure:8497: result: no
configure:8505: checking dynamic linker characteristics
configure:9114: result: GNU/Linux ld.so
configure:9123: checking how to hardcode library paths into programs
configure:9148: result: immediate
configure:9162: checking whether stripping libraries is possible
configure:9167: result: yes
configure:9968: checking if libtool supports shared libraries
configure:9970: result: yes
configure:9973: checking whether to build shared libraries
configure:9994: result: yes
configure:9997: checking whether to build static libraries
configure:10001: result: yes
configure:10093: creating libtool
configure:10681: checking for ld used by g++
configure:10748: result: /usr/i586-suse-linux/bin/ld
configure:10757: checking if the linker (/usr/i586-suse-linux/bin/ld) is GNU ld
configure:10772: result: yes
configure:10823: checking whether the g++ linker (/usr/i586-suse-linux/bin/ld) supports shared libraries
configure:11757: result: yes
configure:11775: g++ -c -g -O2  conftest.cpp >&5
configure:11778: $? = 0
configure:11897: checking for g++ option to produce PIC
configure:12171: result: -fPIC
configure:12179: checking if g++ PIC flag -fPIC works
configure:12197: g++ -c -g -O2  -fPIC -DPIC conftest.cpp >&5
configure:12201: $? = 0
configure:12214: result: yes
configure:12242: checking if g++ static flag -static works
configure:12270: result: yes
configure:12280: checking if g++ supports -c -o file.o
configure:12301: g++ -c -g -O2  -o out/conftest2.o conftest.cpp >&5
configure:12305: $? = 0
configure:12327: result: yes
configure:12353: checking whether the g++ linker (/usr/i586-suse-linux/bin/ld) supports shared libraries
configure:12378: result: yes
configure:12445: checking dynamic linker characteristics
configure:13054: result: GNU/Linux ld.so
configure:13063: checking how to hardcode library paths into programs
configure:13088: result: immediate
configure:19318: checking for gcc
configure:19345: result: gcc
configure:19583: checking for C compiler version
configure:19590: gcc --version >&5
gcc (GCC) 4.2.1 (SUSE Linux)
Copyright (C) 2007 Free Software Foundation, Inc.
This is free software; see the source for copying conditions.  There is NO
warranty; not even for MERCHANTABILITY or FITNESS FOR A PARTICULAR PURPOSE.

configure:19593: $? = 0
configure:19600: gcc -v >&5
Using built-in specs.
Target: i586-suse-linux
Configured with: ../configure --enable-threads=posix --prefix=/usr --with-local-prefix=/usr/local --infodir=/usr/share/info --mandir=/usr/share/man --libdir=/usr/lib --libexecdir=/usr/lib --enable-languages=c,c++,objc,fortran,obj-c++,java,ada --enable-checking=release --with-gxx-include-dir=/usr/include/c++/4.2.1 --enable-ssp --disable-libssp --disable-libgcj --with-slibdir=/lib --with-system-zlib --enable-shared --enable-__cxa_atexit --enable-libstdcxx-allocator=new --disable-libstdcxx-pch --program-suffix=-4.2 --enable-version-specific-runtime-libs --without-system-libunwind --with-cpu=generic --host=i586-suse-linux
Thread model: posix
gcc version 4.2.1 (SUSE Linux)
configure:19603: $? = 0
configure:19610: gcc -V >&5
gcc: '-V' option must have argument
configure:19613: $? = 1
configure:19616: checking whether we are using the GNU C compiler
configure:19668: result: yes
configure:19673: checking whether gcc accepts -g
configure:19808: result: yes
configure:19825: checking for gcc option to accept ISO C89
configure:19928: result: none needed
configure:19948: checking dependency style of gcc
configure:20039: result: gcc3
configure:20059: checking how to run the C preprocessor
configure:20175: result: gcc -E
configure:20204: gcc -E  conftest.c
configure:20210: $? = 0
configure:20241: gcc -E  conftest.c
conftest.c:21:28: error: ac_nonexistent.h: No such file or directory
configure:20247: $? = 1
configure: failed program was:
| /* confdefs.h.  */
| #define PACKAGE_NAME "giflib"
| #define PACKAGE_TARNAME "giflib"
| #define PACKAGE_VERSION "4.1.6"
| #define PACKAGE_STRING "giflib 4.1.6"
| #define PACKAGE_BUGREPORT "abadger1999@sourceforge.net"
| #define PACKAGE "giflib"
| #define VERSION "4.1.6"
| #define STDC_HEADERS 1
| #define HAVE_SYS_TYPES_H 1
| #define HAVE_SYS_STAT_H 1
| #define HAVE_STDLIB_H 1
| #define HAVE_STRING_H 1
| #define HAVE_MEMORY_H 1
| #define HAVE_STRINGS_H 1
| #define HAVE_INTTYPES_H 1
| #define HAVE_STDINT_H 1
| #define HAVE_UNISTD_H 1
| #define HAVE_DLFCN_H 1
| /* end confdefs.h.  */
| #include <ac_nonexistent.h>
configure:20297: checking for a BSD-compatible install
configure:20353: result: /usr/bin/install -c
configure:20364: checking whether ln -s works
configure:20368: result: yes
configure:20375: checking whether make sets $(MAKE)
configure:20396: result: yes
configure:20406: checking whether gcc and cc understand -c and -o together
configure:20441: gcc -c conftest.c -o conftest2.o >&5
configure:20444: $? = 0
configure:20450: gcc -c conftest.c -o conftest2.o >&5
configure:20453: $? = 0
configure:20464: cc -c conftest.c >&5
configure:20467: $? = 0
configure:20475: cc -c conftest.c -o conftest2.o >&5
configure:20478: $? = 0
configure:20484: cc -c conftest.c -o conftest2.o >&5
configure:20487: $? = 0
configure:20505: result: yes
configure:20537: checking for pow in -lm
configure:20572: gcc -o conftest -g -O2 -Wall   conftest.c -lm   >&5
conftest.c:28: warning: conflicting types for built-in function 'pow'
configure:20578: $? = 0
configure:20596: result: yes
configure:20645: checking rle.h usability
configure:20662: gcc -c -g -O2 -Wall  conftest.c >&5
conftest.c:54:17: error: rle.h: No such file or directory
configure:20668: $? = 1
configure: failed program was:
| /* confdefs.h.  */
| #define PACKAGE_NAME "giflib"
| #define PACKAGE_TARNAME "giflib"
| #define PACKAGE_VERSION "4.1.6"
| #define PACKAGE_STRING "giflib 4.1.6"
| #define PACKAGE_BUGREPORT "abadger1999@sourceforge.net"
| #define PACKAGE "giflib"
| #define VERSION "4.1.6"
| #define STDC_HEADERS 1
| #define HAVE_SYS_TYPES_H 1
| #define HAVE_SYS_STAT_H 1
| #define HAVE_STDLIB_H 1
| #define HAVE_STRING_H 1
| #define HAVE_MEMORY_H 1
| #define HAVE_STRINGS_H 1
| #define HAVE_INTTYPES_H 1
| #define HAVE_STDINT_H 1
| #define HAVE_UNISTD_H 1
| #define HAVE_DLFCN_H 1
| /* end confdefs.h.  */
| #include <stdio.h>
| #ifdef HAVE_SYS_TYPES_H
| # include <sys/types.h>
| #endif
| #ifdef HAVE_SYS_STAT_H
| # include <sys/stat.h>
| #endif
| #ifdef STDC_HEADERS
| # include <stdlib.h>
| # include <stddef.h>
| #else
| # ifdef HAVE_STDLIB_H
| #  include <stdlib.h>
| # endif
| #endif
| #ifdef HAVE_STRING_H
| # if !defined STDC_HEADERS && defined HAVE_MEMORY_H
| #  include <memory.h>
| # endif
| # include <string.h>
| #endif
| #ifdef HAVE_STRINGS_H
| # include <strings.h>
| #endif
| #ifdef HAVE_INTTYPES_H
| # include <inttypes.h>
| #endif
| #ifdef HAVE_STDINT_H
| # include <stdint.h>
| #endif
| #ifdef HAVE_UNISTD_H
| # include <unistd.h>
| #endif
| #include <rle.h>
configure:20682: result: no
configure:20686: checking rle.h presence
configure:20701: gcc -E  conftest.c
conftest.c:21:17: error: rle.h: No such file or directory
configure:20707: $? = 1
configure: failed program was:
| /* confdefs.h.  */
| #define PACKAGE_NAME "giflib"
| #define PACKAGE_TARNAME "giflib"
| #define PACKAGE_VERSION "4.1.6"
| #define PACKAGE_STRING "giflib 4.1.6"
| #define PACKAGE_BUGREPORT "abadger1999@sourceforge.net"
| #define PACKAGE "giflib"
| #define VERSION "4.1.6"
| #define STDC_HEADERS 1
| #define HAVE_SYS_TYPES_H 1
| #define HAVE_SYS_STAT_H 1
| #define HAVE_STDLIB_H 1
| #define HAVE_STRING_H 1
| #define HAVE_MEMORY_H 1
| #define HAVE_STRINGS_H 1
| #define HAVE_INTTYPES_H 1
| #define HAVE_STDINT_H 1
| #define HAVE_UNISTD_H 1
| #define HAVE_DLFCN_H 1
| /* end confdefs.h.  */
| #include <rle.h>
configure:20721: result: no
configure:20754: checking for rle.h
configure:20762: result: no
configure:20859: checking gl/gl.h usability
configure:20876: gcc -c -g -O2 -Wall  conftest.c >&5
conftest.c:54:19: error: gl/gl.h: No such file or directory
configure:20882: $? = 1
configure: failed program was:
| /* confdefs.h.  */
| #define PACKAGE_NAME "giflib"
| #define PACKAGE_TARNAME "giflib"
| #define PACKAGE_VERSION "4.1.6"
| #define PACKAGE_STRING "giflib 4.1.6"
| #define PACKAGE_BUGREPORT "abadger1999@sourceforge.net"
| #define PACKAGE "giflib"
| #define VERSION "4.1.6"
| #define STDC_HEADERS 1
| #define HAVE_SYS_TYPES_H 1
| #define HAVE_SYS_STAT_H 1
| #define HAVE_STDLIB_H 1
| #define HAVE_STRING_H 1
| #define HAVE_MEMORY_H 1
| #define HAVE_STRINGS_H 1
| #define HAVE_INTTYPES_H 1
| #define HAVE_STDINT_H 1
| #define HAVE_UNISTD_H 1
| #define HAVE_DLFCN_H 1
| /* end confdefs.h.  */
| #include <stdio.h>
| #ifdef HAVE_SYS_TYPES_H
| # include <sys/types.h>
| #endif
| #ifdef HAVE_SYS_STAT_H
| # include <sys/stat.h>
| #endif
| #ifdef STDC_HEADERS
| # include <stdlib.h>
| # include <stddef.h>
| #else
| # ifdef HAVE_STDLIB_H
| #  include <stdlib.h>
| # endif
| #endif
| #ifdef HAVE_STRING_H
| # if !defined STDC_HEADERS && defined HAVE_MEMORY_H
| #  include <memory.h>
| # endif
| # include <string.h>
| #endif
| #ifdef HAVE_STRINGS_H
| # include <strings.h>
| #endif
| #ifdef HAVE_INTTYPES_H
| # include <inttypes.h>
| #endif
| #ifdef HAVE_STDINT_H
| # include <stdint.h>
| #endif
| #ifdef HAVE_UNISTD_H
| # include <unistd.h>
| #endif
| #include <gl/gl.h>
configure:20896: result: no
configure:20900: checking gl/gl.h presence
configure:20915: gcc -E  conftest.c
conftest.c:21:19: error: gl/gl.h: No such file or directory
configure:20921: $? = 1
configure: failed program was:
| /* confdefs.h.  */
| #define PACKAGE_NAME "giflib"
| #define PACKAGE_TARNAME "giflib"
| #define PACKAGE_VERSION "4.1.6"
| #define PACKAGE_STRING "giflib 4.1.6"
| #define PACKAGE_BUGREPORT "abadger1999@sourceforge.net"
| #define PACKAGE "giflib"
| #define VERSION "4.1.6"
| #define STDC_HEADERS 1
| #define HAVE_SYS_TYPES_H 1
| #define HAVE_SYS_STAT_H 1
| #define HAVE_STDLIB_H 1
| #define HAVE_STRING_H 1
| #define HAVE_MEMORY_H 1
| #define HAVE_STRINGS_H 1
| #define HAVE_INTTYPES_H 1
| #define HAVE_STDINT_H 1
| #define HAVE_UNISTD_H 1
| #define HAVE_DLFCN_H 1
| /* end confdefs.h.  */
| #include <gl/gl.h>
configure:20935: result: no
configure:20968: checking for gl/gl.h
configure:20976: result: no
configure:21056: checking for X
configure:21226: gcc -o conftest -g -O2 -Wall   conftest.c -lX11  >&5
configure:21232: $? = 0
configure:21291: result: libraries , headers 
configure:21452: gcc -o conftest -g -O2 -Wall   conftest.c   -lX11 >&5
configure:21458: $? = 0
configure:21615: checking for gethostbyname
configure:21671: gcc -o conftest -g -O2 -Wall   conftest.c  >&5
configure:21677: $? = 0
configure:21694: result: yes
configure:21839: checking for connect
configure:21895: gcc -o conftest -g -O2 -Wall   conftest.c  >&5
configure:21901: $? = 0
configure:21918: result: yes
configure:21990: checking for remove
configure:22046: gcc -o conftest -g -O2 -Wall   conftest.c  >&5
configure:22052: $? = 0
configure:22069: result: yes
configure:22141: checking for shmat
configure:22197: gcc -o conftest -g -O2 -Wall   conftest.c  >&5
configure:22203: $? = 0
configure:22220: result: yes
configure:22301: checking for IceConnectionNumber in -lICE
configure:22336: gcc -o conftest -g -O2 -Wall   conftest.c -lICE   >&5
configure:22342: $? = 0
configure:22360: result: yes
configure:22386: checking X11/Xlib.h usability
configure:22403: gcc -c -g -O2 -Wall  conftest.c >&5
configure:22409: $? = 0
configure:22423: result: yes
configure:22427: checking X11/Xlib.h presence
configure:22442: gcc -E  conftest.c
configure:22448: $? = 0
configure:22462: result: yes
configure:22495: checking for X11/Xlib.h
configure:22503: result: yes
configure:22511: checking for main in -lX11
configure:22540: gcc -o conftest -g -O2 -Wall   conftest.c -lX11   >&5
configure:22546: $? = 0
configure:22564: result: yes
configure:22386: checking X11/Xutil.h usability
configure:22403: gcc -c -g -O2 -Wall  conftest.c >&5
configure:22409: $? = 0
configure:22423: result: yes
configure:22427: checking X11/Xutil.h presence
configure:22442: gcc -E  conftest.c
configure:22448: $? = 0
configure:22462: result: yes
configure:22495: checking for X11/Xutil.h
configure:22503: result: yes
configure:22511: checking for main in -lX11
configure:22564: result: yes
configure:22591: checking for ANSI C header files
configure:22755: result: yes
configure:22781: checking stdarg.h usability
configure:22798: gcc -c -g -O2 -Wall  conftest.c >&5
configure:22804: $? = 0
configure:22818: result: yes
configure:22822: checking stdarg.h presence
configure:22837: gcc -E  conftest.c
configure:22843: $? = 0
configure:22857: result: yes
configure:22890: checking for stdarg.h
configure:22898: result: yes
configure:22931: checking fcntl.h usability
configure:22948: gcc -c -g -O2 -Wall  conftest.c >&5
configure:22954: $? = 0
configure:22968: result: yes
configure:22972: checking fcntl.h presence
configure:22987: gcc -E  conftest.c
configure:22993: $? = 0
configure:23007: result: yes
configure:23040: checking for fcntl.h
configure:23048: result: yes
configure:23067: checking for u_int32_t
configure:23097: gcc -c -g -O2 -Wall  conftest.c >&5
configure:23103: $? = 0
configure:23118: result: yes
configure:24038: checking for an ANSI C-conforming const
configure:24113: gcc -c -g -O2 -Wall  conftest.c >&5
conftest.c: In function 'main':
conftest.c:59: warning: 't' is used uninitialized in this function
conftest.c:75: warning: 'b' is used uninitialized in this function
conftest.c:81: warning: 'cs[0]' is used uninitialized in this function
configure:24119: $? = 0
configure:24134: result: yes
configure:24145: checking for working memcmp
configure:24198: gcc -o conftest -g -O2 -Wall   conftest.c  >&5
configure:24201: $? = 0
configure:24207: ./conftest
configure:24210: $? = 0
configure:24226: result: yes
configure:24235: checking for function prototypes
configure:24238: result: yes
configure:24255: checking whether setvbuf arguments are reversed
configure:24285: gcc -o conftest -g -O2 -Wall   conftest.c  >&5
conftest.c:34: error: conflicting types for 'setvbuf'
/usr/include/stdio.h:314: error: previous declaration of 'setvbuf' was here
configure:24291: $? = 1
configure: failed program was:
| /* confdefs.h.  */
| #define PACKAGE_NAME "giflib"
| #define PACKAGE_TARNAME "giflib"
| #define PACKAGE_VERSION "4.1.6"
| #define PACKAGE_STRING "giflib 4.1.6"
| #define PACKAGE_BUGREPORT "abadger1999@sourceforge.net"
| #define PACKAGE "giflib"
| #define VERSION "4.1.6"
| #define STDC_HEADERS 1
| #define HAVE_SYS_TYPES_H 1
| #define HAVE_SYS_STAT_H 1
| #define HAVE_STDLIB_H 1
| #define HAVE_STRING_H 1
| #define HAVE_MEMORY_H 1
| #define HAVE_STRINGS_H 1
| #define HAVE_INTTYPES_H 1
| #define HAVE_STDINT_H 1
| #define HAVE_UNISTD_H 1
| #define HAVE_DLFCN_H 1
| #define HAVE_X11_XLIB_H 1
| #define HAVE_LIBX11 1
| #define HAVE_X11_XUTIL_H 1
| #define HAVE_LIBX11 1
| #define STDC_HEADERS 1
| #define HAVE_STDARG_H 1
| #define HAVE_FCNTL_H 1
| #define HAVE_U_INT32_T 1
| #define UINT32 u_int32_t
| #define PROTOTYPES 1
| #define __PROTOTYPES 1
| /* end confdefs.h.  */
| #include <stdio.h>
| #	  ifdef PROTOTYPES
| 	   int (setvbuf) (FILE *, int, char *, size_t);
| #	  endif
| int
| main ()
| {
| char buf; return setvbuf (stdout, _IOLBF, &buf, 1);
|   ;
|   return 0;
| }
configure:24412: result: no
configure:24426: checking for vprintf
configure:24482: gcc -o conftest -g -O2 -Wall   conftest.c  >&5
conftest.c:55: warning: conflicting types for built-in function 'vprintf'
configure:24488: $? = 0
configure:24506: result: yes
configure:24513: checking for _doprnt
configure:24569: gcc -o conftest -g -O2 -Wall   conftest.c  >&5
/tmp/cccMcVhx.o: In function `main':
/home/swrhgnrj/src/maxwell2d-0.6.3/giflib-4.1.6/conftest.c:67: undefined reference to `_doprnt'
collect2: ld returned 1 exit status
configure:24575: $? = 1
configure: failed program was:
| /* confdefs.h.  */
| #define PACKAGE_NAME "giflib"
| #define PACKAGE_TARNAME "giflib"
| #define PACKAGE_VERSION "4.1.6"
| #define PACKAGE_STRING "giflib 4.1.6"
| #define PACKAGE_BUGREPORT "abadger1999@sourceforge.net"
| #define PACKAGE "giflib"
| #define VERSION "4.1.6"
| #define STDC_HEADERS 1
| #define HAVE_SYS_TYPES_H 1
| #define HAVE_SYS_STAT_H 1
| #define HAVE_STDLIB_H 1
| #define HAVE_STRING_H 1
| #define HAVE_MEMORY_H 1
| #define HAVE_STRINGS_H 1
| #define HAVE_INTTYPES_H 1
| #define HAVE_STDINT_H 1
| #define HAVE_UNISTD_H 1
| #define HAVE_DLFCN_H 1
| #define HAVE_X11_XLIB_H 1
| #define HAVE_LIBX11 1
| #define HAVE_X11_XUTIL_H 1
| #define HAVE_LIBX11 1
| #define STDC_HEADERS 1
| #define HAVE_STDARG_H 1
| #define HAVE_FCNTL_H 1
| #define HAVE_U_INT32_T 1
| #define UINT32 u_int32_t
| #define PROTOTYPES 1
| #define __PROTOTYPES 1
| #define HAVE_VPRINTF 1
| /* end confdefs.h.  */
| /* Define _doprnt to an innocuous variant, in case <limits.h> declares _doprnt.
|    For example, HP-UX 11i <limits.h> declares gettimeofday.  */
| #define _doprnt innocuous__doprnt
| 
| /* System header to define __stub macros and hopefully few prototypes,
|     which can conflict with char _doprnt (); below.
|     Prefer <limits.h> to <assert.h> if __STDC__ is defined, since
|     <limits.h> exists even on freestanding compilers.  */
| 
| #ifdef __STDC__
| # include <limits.h>
| #else
| # include <assert.h>
| #endif
| 
| #undef _doprnt
| 
| /* Override any GCC internal prototype to avoid an error.
|    Use char because int might match the return type of a GCC
|    builtin and then its argument prototype would still apply.  */
| #ifdef __cplusplus
| extern "C"
| #endif
| char _doprnt ();
| /* The GNU C library defines this for functions which it implements
|     to always fail with ENOSYS.  Some functions are actually named
|     something starting with __ and the normal name is an alias.  */
| #if defined __stub__doprnt || defined __stub____doprnt
| choke me
| #endif
| 
| int
| main ()
| {
| return _doprnt ();
|   ;
|   return 0;
| }
configure:24592: result: no
configure:24610: checking for strdup
configure:24666: gcc -o conftest -g -O2 -Wall   conftest.c  >&5
conftest.c:56: warning: conflicting types for built-in function 'strdup'
configure:24672: $? = 0
configure:24690: result: yes
configure:24831: creating ./config.status

## ---------------------- ##
## Running config.status. ##
## ---------------------- ##

This file was extended by giflib config.status 4.1.6, which was
generated by GNU Autoconf 2.61.  Invocation command line was

  CONFIG_FILES    = 
  CONFIG_HEADERS  = 
  CONFIG_LINKS    = 
  CONFIG_COMMANDS = 
  $ ./config.status 

on hagrid

config.status:677: creating util/Makefile
config.status:677: creating lib/Makefile
config.status:677: creating Makefile
config.status:677: creating doc/Makefile
config.status:677: creating pic/Makefile
config.status:677: creating config.h
config.status:963: executing depfiles commands

## ---------------- ##
## Cache variables. ##
## ---------------- ##

ac_cv_build=i686-pc-linux-gnu
ac_cv_c_compiler_gnu=yes
ac_cv_c_const=yes
ac_cv_cxx_compiler_gnu=yes
ac_cv_env_CCC_set=
ac_cv_env_CCC_value=
ac_cv_env_CC_set=
ac_cv_env_CC_value=
ac_cv_env_CFLAGS_set=
ac_cv_env_CFLAGS_value=
ac_cv_env_CPPFLAGS_set=
ac_cv_env_CPPFLAGS_value=
ac_cv_env_CPP_set=
ac_cv_env_CPP_value=
ac_cv_env_CXXCPP_set=
ac_cv_env_CXXCPP_value=
ac_cv_env_CXXFLAGS_set=
ac_cv_env_CXXFLAGS_value=
ac_cv_env_CXX_set=
ac_cv_env_CXX_value=
ac_cv_env_F77_set=
ac_cv_env_F77_value=
ac_cv_env_FFLAGS_set=
ac_cv_env_FFLAGS_value=
ac_cv_env_LDFLAGS_set=
ac_cv_env_LDFLAGS_value=
ac_cv_env_LIBS_set=
ac_cv_env_LIBS_value=
ac_cv_env_XMKMF_set=
ac_cv_env_XMKMF_value=
ac_cv_env_build_alias_set=
ac_cv_env_build_alias_value=
ac_cv_env_host_alias_set=
ac_cv_env_host_alias_value=
ac_cv_env_target_alias_set=
ac_cv_env_target_alias_value=
ac_cv_f77_compiler_gnu=no
ac_cv_func__doprnt=no
ac_cv_func_connect=yes
ac_cv_func_gethostbyname=yes
ac_cv_func_memcmp_working=yes
ac_cv_func_remove=yes
ac_cv_func_setvbuf_reversed=no
ac_cv_func_shmat=yes
ac_cv_func_strdup=yes
ac_cv_func_vprintf=yes
ac_cv_have_x='have_x=yes	ac_x_includes='\'''\''	ac_x_libraries='\'''\'''
ac_cv_header_X11_Xlib_h=yes
ac_cv_header_X11_Xutil_h=yes
ac_cv_header_dlfcn_h=yes
ac_cv_header_fcntl_h=yes
ac_cv_header_gl_gl_h=no
ac_cv_header_inttypes_h=yes
ac_cv_header_memory_h=yes
ac_cv_header_rle_h=no
ac_cv_header_stdarg_h=yes
ac_cv_header_stdc=yes
ac_cv_header_stdint_h=yes
ac_cv_header_stdlib_h=yes
ac_cv_header_string_h=yes
ac_cv_header_strings_h=yes
ac_cv_header_sys_stat_h=yes
ac_cv_header_sys_types_h=yes
ac_cv_header_unistd_h=yes
ac_cv_host=i686-pc-linux-gnu
ac_cv_lib_ICE_IceConnectionNumber=yes
ac_cv_lib_X11_main=yes
ac_cv_lib_m_pow=yes
ac_cv_objext=o
ac_cv_path_EGREP='/usr/bin/grep -E'
ac_cv_path_GREP=/usr/bin/grep
ac_cv_path_install='/usr/bin/install -c'
ac_cv_path_mkdir=/bin/mkdir
ac_cv_prog_AWK=gawk
ac_cv_prog_CPP='gcc -E'
ac_cv_prog_CXXCPP='g++ -E'
ac_cv_prog_ac_ct_AR=ar
ac_cv_prog_ac_ct_CC=gcc
ac_cv_prog_ac_ct_CXX=g++
ac_cv_prog_ac_ct_RANLIB=ranlib
ac_cv_prog_ac_ct_STRIP=strip
ac_cv_prog_cc_c89=
ac_cv_prog_cc_g=yes
ac_cv_prog_cc_gcc_c_o=yes
ac_cv_prog_cxx_g=yes
ac_cv_prog_f77_g=no
ac_cv_prog_make_make_set=yes
ac_cv_type_u_int32_t=yes
am_cv_CC_dependencies_compiler_type=gcc3
am_cv_CXX_dependencies_compiler_type=gcc3
lt_cv_deplibs_check_method=pass_all
lt_cv_file_magic_cmd='$MAGIC_CMD'
lt_cv_file_magic_test_file=
lt_cv_ld_reload_flag=-r
lt_cv_objdir=.libs
lt_cv_path_LD=/usr/i586-suse-linux/bin/ld
lt_cv_path_LDCXX=/usr/i586-suse-linux/bin/ld
lt_cv_path_NM='/usr/bin/nm -B'
lt_cv_path_SED=/usr/bin/sed
lt_cv_prog_compiler_c_o=yes
lt_cv_prog_compiler_c_o_CXX=yes
lt_cv_prog_compiler_rtti_exceptions=no
lt_cv_prog_gnu_ld=yes
lt_cv_prog_gnu_ldcxx=yes
lt_cv_sys_global_symbol_pipe='sed -n -e '\''s/^.*[ 	]\([ABCDGIRSTW][ABCDGIRSTW]*\)[ 	][ 	]*\([_A-Za-z][_A-Za-z0-9]*\)$/\1 \2 \2/p'\'''
lt_cv_sys_global_symbol_to_c_name_address='sed -n -e '\''s/^: \([^ ]*\) $/  {\"\1\", (lt_ptr) 0},/p'\'' -e '\''s/^[BCDEGRST] \([^ ]*\) \([^ ]*\)$/  {"\2", (lt_ptr) \&\2},/p'\'''
lt_cv_sys_global_symbol_to_cdecl='sed -n -e '\''s/^. .* \(.*\)$/extern int \1;/p'\'''
lt_cv_sys_max_cmd_len=32768
lt_lt_cv_prog_compiler_c_o='"yes"'
lt_lt_cv_prog_compiler_c_o_CXX='"yes"'
lt_lt_cv_sys_global_symbol_pipe='"sed -n -e '\''s/^.*[ 	]\\([ABCDGIRSTW][ABCDGIRSTW]*\\)[ 	][ 	]*\\([_A-Za-z][_A-Za-z0-9]*\\)\$/\\1 \\2 \\2/p'\''"'
lt_lt_cv_sys_global_symbol_to_c_name_address='"sed -n -e '\''s/^: \\([^ ]*\\) \$/  {\\\"\\1\\\", (lt_ptr) 0},/p'\'' -e '\''s/^[BCDEGRST] \\([^ ]*\\) \\([^ ]*\\)\$/  {\"\\2\", (lt_ptr) \\&\\2},/p'\''"'
lt_lt_cv_sys_global_symbol_to_cdecl='"sed -n -e '\''s/^. .* \\(.*\\)\$/extern int \\1;/p'\''"'

## ----------------- ##
## Output variables. ##
## ----------------- ##

ACLOCAL='${SHELL} /home/swrhgnrj/src/maxwell2d-0.6.3/giflib-4.1.6/missing --run aclocal-1.10'
AMDEPBACKSLASH='\'
AMDEP_FALSE='#'
AMDEP_TRUE=''
AMTAR='${SHELL} /home/swrhgnrj/src/maxwell2d-0.6.3/giflib-4.1.6/missing --run tar'
AR='ar'
AUTOCONF='${SHELL} /home/swrhgnrj/src/maxwell2d-0.6.3/giflib-4.1.6/missing --run autoconf'
AUTOHEADER='${SHELL} /home/swrhgnrj/src/maxwell2d-0.6.3/giflib-4.1.6/missing --run autoheader'
AUTOMAKE='${SHELL} /home/swrhgnrj/src/maxwell2d-0.6.3/giflib-4.1.6/missing --run automake-1.10'
AWK='gawk'
CC='gcc'
CCDEPMODE='depmode=gcc3'
CFLAGS='-g -O2 -Wall'
COMPILABLE_EXTRAS=' gifclrmp gifrotat gif2x11 gif2x11'
CPP='gcc -E'
CPPFLAGS=''
CXX='g++'
CXXCPP='g++ -E'
CXXDEPMODE='depmode=gcc3'
CXXFLAGS='-g -O2'
CYGPATH_W='echo'
DEFS='-DHAVE_CONFIG_H'
DEPDIR='.deps'
DEVS='   -lSM -lICE   -lX11  -lSM -lICE   -lX11'
ECHO='echo'
ECHO_C=''
ECHO_N='-n'
ECHO_T=''
EGREP='/usr/bin/grep -E'
EXEEXT=''
F77=''
FFLAGS=''
GL_S_LIB=''
GREP='/usr/bin/grep'
INSTALL_DATA='${INSTALL} -m 644'
INSTALL_PROGRAM='${INSTALL}'
INSTALL_SCRIPT='${INSTALL}'
INSTALL_STRIP_PROGRAM='$(install_sh) -c -s'
LDFLAGS=''
LIBOBJS=''
LIBS=''
LIBTOOL='$(SHELL) $(top_builddir)/libtool'
LN_S='ln -s'
LTLIBOBJS=''
MAKEINFO='${SHELL} /home/swrhgnrj/src/maxwell2d-0.6.3/giflib-4.1.6/missing --run makeinfo'
MATH_LIB=' -lm'
OBJEXT='o'
PACKAGE='giflib'
PACKAGE_BUGREPORT='abadger1999@sourceforge.net'
PACKAGE_NAME='giflib'
PACKAGE_STRING='giflib 4.1.6'
PACKAGE_TARNAME='giflib'
PACKAGE_VERSION='4.1.6'
PATH_SEPARATOR=':'
RANLIB='ranlib'
RLE_LIB=''
SED='/usr/bin/sed'
SET_MAKE=''
SHELL='/bin/sh'
STRIP='strip'
VERSION='4.1.6'
X11_LIB='  -lSM -lICE   -lX11  -lSM -lICE   -lX11'
XMKMF=''
X_CFLAGS=''
X_EXTRA_LIBS=''
X_LIBS=''
X_PRE_LIBS=' -lSM -lICE'
ac_ct_CC='gcc'
ac_ct_CXX='g++'
ac_ct_F77=''
am__fastdepCC_FALSE='#'
am__fastdepCC_TRUE=''
am__fastdepCXX_FALSE='#'
am__fastdepCXX_TRUE=''
am__include='include'
am__isrc=''
am__leading_dot='.'
am__quote=''
am__tar='${AMTAR} chof - "$$tardir"'
am__untar='${AMTAR} xf -'
bindir='${exec_prefix}/bin'
build='i686-pc-linux-gnu'
build_alias=''
build_cpu='i686'
build_os='linux-gnu'
build_vendor='pc'
datadir='${datarootdir}'
datarootdir='${prefix}/share'
docdir='${datarootdir}/doc/${PACKAGE_TARNAME}'
dvidir='${docdir}'
exec_prefix='${prefix}'
host='i686-pc-linux-gnu'
host_alias=''
host_cpu='i686'
host_os='linux-gnu'
host_vendor='pc'
htmldir='${docdir}'
includedir='${prefix}/include'
infodir='${datarootdir}/info'
install_sh='$(SHELL) /home/swrhgnrj/src/maxwell2d-0.6.3/giflib-4.1.6/install-sh'
libdir='${exec_prefix}/lib'
libexecdir='${exec_prefix}/libexec'
localedir='${datarootdir}/locale'
localstatedir='${prefix}/var'
mandir='${datarootdir}/man'
mkdir_p='/bin/mkdir -p'
oldincludedir='/usr/include'
pdfdir='${docdir}'
prefix='/usr/local'
program_transform_name='s,x,x,'
psdir='${docdir}'
sbindir='${exec_prefix}/sbin'
sharedstatedir='${prefix}/com'
sysconfdir='${prefix}/etc'
target_alias=''

## ----------- ##
## confdefs.h. ##
## ----------- ##

#define PACKAGE_NAME "giflib"
#define PACKAGE_TARNAME "giflib"
#define PACKAGE_VERSION "4.1.6"
#define PACKAGE_STRING "giflib 4.1.6"
#define PACKAGE_BUGREPORT "abadger1999@sourceforge.net"
#define PACKAGE "giflib"
#define VERSION "4.1.6"
#define STDC_HEADERS 1
#define HAVE_SYS_TYPES_H 1
#define HAVE_SYS_STAT_H 1
#define HAVE_STDLIB_H 1
#define HAVE_STRING_H 1
#define HAVE_MEMORY_H 1
#define HAVE_STRINGS_H 1
#define HAVE_INTTYPES_H 1
#define HAVE_STDINT_H 1
#define HAVE_UNISTD_H 1
#define HAVE_DLFCN_H 1
#define HAVE_X11_XLIB_H 1
#define HAVE_LIBX11 1
#define HAVE_X11_XUTIL_H 1
#define HAVE_LIBX11 1
#define STDC_HEADERS 1
#define HAVE_STDARG_H 1
#define HAVE_FCNTL_H 1
#define HAVE_U_INT32_T 1
#define UINT32 u_int32_t
#define PROTOTYPES 1
#define __PROTOTYPES 1
#define HAVE_VPRINTF 1
#define HAVE_STRDUP 1

configure: exit 0
